<html>
<head>
<title>TestNG:  MainTest</title>
<link href="../testng.css" rel="stylesheet" type="text/css" />
<link href="../my-testng.css" rel="stylesheet" type="text/css" />

<style type="text/css">
.log { display: none;} 
.stack-trace { display: none;} 
</style>
<script type="text/javascript">
<!--
function flip(e) {
  current = e.style.display;
  if (current == 'block') {
    e.style.display = 'none';
    return 0;
  }
  else {
    e.style.display = 'block';
    return 1;
  }
}

function toggleBox(szDivId, elem, msg1, msg2)
{
  var res = -1;  if (document.getElementById) {
    res = flip(document.getElementById(szDivId));
  }
  else if (document.all) {
    // this is the way old msie versions work
    res = flip(document.all[szDivId]);
  }
  if(elem) {
    if(res == 0) elem.innerHTML = msg1; else elem.innerHTML = msg2;
  }

}

function toggleAllBoxes() {
  if (document.getElementsByTagName) {
    d = document.getElementsByTagName('div');
    for (i = 0; i < d.length; i++) {
      if (d[i].className == 'log') {
        flip(d[i]);
      }
    }
  }
}

// -->
</script>

</head>
<body>
<h2 align='center'>MainTest</h2><table border='1' align="center">
<tr>
<td>Tests passed/Failed/Skipped:</td><td>19/1/0</td>
</tr><tr>
<td>Started on:</td><td>Sat Mar 15 14:23:49 IST 2025</td>
</tr>
<tr><td>Total time:</td><td>224 seconds (224659 ms)</td>
</tr><tr>
<td>Included groups:</td><td></td>
</tr><tr>
<td>Excluded groups:</td><td></td>
</tr>
</table><p/>
<small><i>(Hover the method name to see the test class name)</i></small><p/>
<table width='100%' border='1' class='invocation-failed'>
<tr><td colspan='4' align='center'><b>FAILED CONFIGURATIONS</b></td></tr>
<tr><td><b>Test method</b></td>
<td><b>Attribute(s)</b></td>
<td width="30%"><b>Exception</b></td>
<td width="10%"><b>Time (seconds)</b></td>
<td><b>Instance</b></td>
</tr>
<tr>
<td title='testpackage.OrganizationTest.logout()'><b>logout</b><br>Test class: testpackage.OrganizationTest</td>
<td><div><pre>org.openqa.selenium.NoSuchElementException: Unable to find element with locator By.linkText: Sign Out
For documentation on this error, please visit: https://www.selenium.dev/documentation/webdriver/troubleshooting/errors#no-such-element-exception
Build info: version: &apos;4.27.0&apos;, revision: &apos;d6e718d134&apos;
System info: os.name: &apos;Windows 11&apos;, os.arch: &apos;amd64&apos;, os.version: &apos;10.0&apos;, java.version: &apos;21.0.3&apos;
Driver info: driver.version: RemoteWebDriver
	at org.openqa.selenium.remote.ElementLocation$ElementFinder$2.findElement(ElementLocation.java:168)
	at org.openqa.selenium.remote.ElementLocation.findElement(ElementLocation.java:59)
	at org.openqa.selenium.remote.RemoteWebDriver.findElement(RemoteWebDriver.java:368)
	at org.openqa.selenium.remote.RemoteWebDriver.findElement(RemoteWebDriver.java:362)
	at org.openqa.selenium.support.pagefactory.DefaultElementLocator.findElement(DefaultElementLocator.java:68)
	at org.openqa.selenium.support.pagefactory.internal.LocatingElementHandler.invoke(LocatingElementHandler.java:38)
	at jdk.proxy2/jdk.proxy2.$Proxy16.click(Unknown Source)
	at objectRepository.HomePage.SignOut(HomePage.java:58)
	at utilities.BaseClass.logout(BaseClass.java:66)
	at java.base/java.util.ArrayList.forEach(ArrayList.java:1596)
... Removed 30 stack frames</pre></div><a href='#' onClick='toggleBox("stack-trace2033282874", this, "Click to show all stack frames", "Click to hide stack frames")'>Click to show all stack frames</a>
<div class='stack-trace' id='stack-trace2033282874'><pre>org.openqa.selenium.NoSuchElementException: Unable to find element with locator By.linkText: Sign Out
For documentation on this error, please visit: https://www.selenium.dev/documentation/webdriver/troubleshooting/errors#no-such-element-exception
Build info: version: &apos;4.27.0&apos;, revision: &apos;d6e718d134&apos;
System info: os.name: &apos;Windows 11&apos;, os.arch: &apos;amd64&apos;, os.version: &apos;10.0&apos;, java.version: &apos;21.0.3&apos;
Driver info: driver.version: RemoteWebDriver
	at org.openqa.selenium.remote.ElementLocation$ElementFinder$2.findElement(ElementLocation.java:168)
	at org.openqa.selenium.remote.ElementLocation.findElement(ElementLocation.java:59)
	at org.openqa.selenium.remote.RemoteWebDriver.findElement(RemoteWebDriver.java:368)
	at org.openqa.selenium.remote.RemoteWebDriver.findElement(RemoteWebDriver.java:362)
	at org.openqa.selenium.support.pagefactory.DefaultElementLocator.findElement(DefaultElementLocator.java:68)
	at org.openqa.selenium.support.pagefactory.internal.LocatingElementHandler.invoke(LocatingElementHandler.java:38)
	at jdk.proxy2/jdk.proxy2.$Proxy16.click(Unknown Source)
	at objectRepository.HomePage.SignOut(HomePage.java:58)
	at utilities.BaseClass.logout(BaseClass.java:66)
	at java.base/jdk.internal.reflect.DirectMethodHandleAccessor.invoke(DirectMethodHandleAccessor.java:103)
	at java.base/java.lang.reflect.Method.invoke(Method.java:580)
	at org.testng.internal.invokers.MethodInvocationHelper.invokeMethod(MethodInvocationHelper.java:141)
	at org.testng.internal.invokers.MethodInvocationHelper.invokeMethodConsideringTimeout(MethodInvocationHelper.java:71)
	at org.testng.internal.invokers.ConfigInvoker.invokeConfigurationMethod(ConfigInvoker.java:400)
	at org.testng.internal.invokers.ConfigInvoker.invokeConfigurations(ConfigInvoker.java:333)
	at org.testng.internal.invokers.TestInvoker.runConfigMethods(TestInvoker.java:833)
	at org.testng.internal.invokers.TestInvoker.runAfterConfigurations(TestInvoker.java:802)
	at org.testng.internal.invokers.TestInvoker.invokeMethod(TestInvoker.java:778)
	at org.testng.internal.invokers.TestInvoker.invokeTestMethod(TestInvoker.java:230)
	at org.testng.internal.invokers.MethodRunner.runInSequence(MethodRunner.java:63)
	at org.testng.internal.invokers.TestInvoker$MethodInvocationAgent.invoke(TestInvoker.java:992)
	at org.testng.internal.invokers.TestInvoker.invokeTestMethods(TestInvoker.java:203)
	at org.testng.internal.invokers.TestMethodWorker.invokeTestMethods(TestMethodWorker.java:154)
	at org.testng.internal.invokers.TestMethodWorker.run(TestMethodWorker.java:134)
	at java.base/java.util.ArrayList.forEach(ArrayList.java:1596)
	at org.testng.TestRunner.privateRun(TestRunner.java:739)
	at org.testng.TestRunner.run(TestRunner.java:614)
	at org.testng.SuiteRunner.runTest(SuiteRunner.java:421)
	at org.testng.SuiteRunner.runSequentially(SuiteRunner.java:413)
	at org.testng.SuiteRunner.privateRun(SuiteRunner.java:373)
	at org.testng.SuiteRunner.run(SuiteRunner.java:312)
	at org.testng.SuiteRunnerWorker.runSuite(SuiteRunnerWorker.java:52)
	at org.testng.SuiteRunnerWorker.run(SuiteRunnerWorker.java:95)
	at org.testng.TestNG.runSuitesSequentially(TestNG.java:1274)
	at org.testng.TestNG.runSuitesLocally(TestNG.java:1208)
	at org.testng.TestNG.runSuites(TestNG.java:1112)
	at org.testng.TestNG.run(TestNG.java:1079)
	at org.testng.remote.AbstractRemoteTestNG.run(AbstractRemoteTestNG.java:115)
	at org.testng.remote.RemoteTestNG.initAndRun(RemoteTestNG.java:293)
	at org.testng.remote.RemoteTestNG.main(RemoteTestNG.java:91)
</pre></div></td>
<td>0</td>
<td>testpackage.OrganizationTest@71075444</td></tr>
</table><p>
<table width='100%' border='1' class='invocation-failed'>
<tr><td colspan='4' align='center'><b>FAILED TESTS</b></td></tr>
<tr><td><b>Test method</b></td>
<td><b>Attribute(s)</b></td>
<td width="30%"><b>Exception</b></td>
<td width="10%"><b>Time (seconds)</b></td>
<td><b>Instance</b></td>
</tr>
<tr>
<td title='testpackage.VerificationClass.verify()'><b>verify</b><br>Test class: testpackage.VerificationClass<br/>
<a href="#Output-1917607102" onClick='toggleBox("Output-1917607102", this, "Show output", "Hide output");'>Show output</a>

<a href="#Output-1917607102" onClick="toggleAllBoxes();">Show all outputs</a>
<div class='log' id="Output-1917607102">
verify testcase execution started<br/>
verify testcase execution failed<br/>
java.lang.AssertionError: The following asserts failed:
	expected [true] but found [false]<br/>
</div>
</td>
<td><div><pre>java.lang.AssertionError: The following asserts failed:
	expected [true] but found [false]
	at testpackage.VerificationClass.verify(VerificationClass.java:28)
	at java.base/java.util.ArrayList.forEach(ArrayList.java:1596)
... Removed 27 stack frames</pre></div><a href='#' onClick='toggleBox("stack-trace1917607102", this, "Click to show all stack frames", "Click to hide stack frames")'>Click to show all stack frames</a>
<div class='stack-trace' id='stack-trace1917607102'><pre>java.lang.AssertionError: The following asserts failed:
	expected [true] but found [false]
	at org.testng.asserts.SoftAssert.assertAll(SoftAssert.java:46)
	at org.testng.asserts.SoftAssert.assertAll(SoftAssert.java:30)
	at testpackage.VerificationClass.verify(VerificationClass.java:28)
	at java.base/jdk.internal.reflect.DirectMethodHandleAccessor.invoke(DirectMethodHandleAccessor.java:103)
	at java.base/java.lang.reflect.Method.invoke(Method.java:580)
	at org.testng.internal.invokers.MethodInvocationHelper.invokeMethod(MethodInvocationHelper.java:141)
	at org.testng.internal.invokers.TestInvoker.invokeMethod(TestInvoker.java:686)
	at org.testng.internal.invokers.TestInvoker.invokeTestMethod(TestInvoker.java:230)
	at org.testng.internal.invokers.MethodRunner.runInSequence(MethodRunner.java:63)
	at org.testng.internal.invokers.TestInvoker$MethodInvocationAgent.invoke(TestInvoker.java:992)
	at org.testng.internal.invokers.TestInvoker.invokeTestMethods(TestInvoker.java:203)
	at org.testng.internal.invokers.TestMethodWorker.invokeTestMethods(TestMethodWorker.java:154)
	at org.testng.internal.invokers.TestMethodWorker.run(TestMethodWorker.java:134)
	at java.base/java.util.ArrayList.forEach(ArrayList.java:1596)
	at org.testng.TestRunner.privateRun(TestRunner.java:739)
	at org.testng.TestRunner.run(TestRunner.java:614)
	at org.testng.SuiteRunner.runTest(SuiteRunner.java:421)
	at org.testng.SuiteRunner.runSequentially(SuiteRunner.java:413)
	at org.testng.SuiteRunner.privateRun(SuiteRunner.java:373)
	at org.testng.SuiteRunner.run(SuiteRunner.java:312)
	at org.testng.SuiteRunnerWorker.runSuite(SuiteRunnerWorker.java:52)
	at org.testng.SuiteRunnerWorker.run(SuiteRunnerWorker.java:95)
	at org.testng.TestNG.runSuitesSequentially(TestNG.java:1274)
	at org.testng.TestNG.runSuitesLocally(TestNG.java:1208)
	at org.testng.TestNG.runSuites(TestNG.java:1112)
	at org.testng.TestNG.run(TestNG.java:1079)
	at org.testng.remote.AbstractRemoteTestNG.run(AbstractRemoteTestNG.java:115)
	at org.testng.remote.RemoteTestNG.initAndRun(RemoteTestNG.java:293)
	at org.testng.remote.RemoteTestNG.main(RemoteTestNG.java:91)
</pre></div></td>
<td>0</td>
<td>testpackage.VerificationClass@6440112d</td></tr>
</table><p>
<table width='100%' border='1' class='invocation-passed'>
<tr><td colspan='4' align='center'><b>PASSED TESTS</b></td></tr>
<tr><td><b>Test method</b></td>
<td><b>Attribute(s)</b></td>
<td width="30%"><b>Exception</b></td>
<td width="10%"><b>Time (seconds)</b></td>
<td><b>Instance</b></td>
</tr>
<tr>
<td title='testpackage.ScenarioTest1.printData()'><b>printData</b><br>Test class: testpackage.ScenarioTest1<br>Parameters: hari@gmail.com, hari@123<br/>
<a href="#Output-311185452" onClick='toggleBox("Output-311185452", this, "Show output", "Hide output");'>Show output</a>

<a href="#Output-311185452" onClick="toggleAllBoxes();">Show all outputs</a>
<div class='log' id="Output-311185452">
printData testcase execution started<br/>
</div>
</td>
<td></td>
<td>0</td>
<td>testpackage.ScenarioTest1@6c4906d3</td></tr>
<tr>
<td title='testpackage.ScenarioTest1.printData()'><b>printData</b><br>Test class: testpackage.ScenarioTest1<br>Parameters: pious@gmail.com, pious@123<br/>
<a href="#Output-1709882027" onClick='toggleBox("Output-1709882027", this, "Show output", "Hide output");'>Show output</a>

<a href="#Output-1709882027" onClick="toggleAllBoxes();">Show all outputs</a>
<div class='log' id="Output-1709882027">
printData testcase execution started<br/>
</div>
</td>
<td></td>
<td>0</td>
<td>testpackage.ScenarioTest1@6c4906d3</td></tr>
<tr>
<td title='testpackage.DataSupply.printData()'><b>printData</b><br>Test class: testpackage.DataSupply<br>Parameters: pious@gmail.com, pious@123<br/>
<a href="#Output-730955696" onClick='toggleBox("Output-730955696", this, "Show output", "Hide output");'>Show output</a>

<a href="#Output-730955696" onClick="toggleAllBoxes();">Show all outputs</a>
<div class='log' id="Output-730955696">
printData testcase execution started<br/>
</div>
</td>
<td></td>
<td>0</td>
<td>testpackage.DataSupply@65987993</td></tr>
<tr>
<td title='testpackage.OrganizationTest.createOrganization()'><b>createOrganization</b><br>Test class: testpackage.OrganizationTest<br/>
<a href="#Output-1195615010" onClick='toggleBox("Output-1195615010", this, "Show output", "Hide output");'>Show output</a>

<a href="#Output-1195615010" onClick="toggleAllBoxes();">Show all outputs</a>
<div class='log' id="Output-1195615010">
createOrganization testcase execution started<br/>
</div>
</td>
<td></td>
<td>22</td>
<td>testpackage.OrganizationTest@71075444</td></tr>
<tr>
<td title='testpackage.ScenarioTest2.TestCase3()'><b>TestCase3</b><br>Test class: testpackage.ScenarioTest2<br/>
<a href="#Output-2053668237" onClick='toggleBox("Output-2053668237", this, "Show output", "Hide output");'>Show output</a>

<a href="#Output-2053668237" onClick="toggleAllBoxes();">Show all outputs</a>
<div class='log' id="Output-2053668237">
TestCase3 testcase execution started<br/>
</div>
</td>
<td></td>
<td>0</td>
<td>testpackage.ScenarioTest2@4d1bf319</td></tr>
<tr>
<td title='testpackage.DataSupply.printData()'><b>printData</b><br>Test class: testpackage.DataSupply<br>Parameters: hari@gmail.com, hari@123<br/>
<a href="#Output-2007149130" onClick='toggleBox("Output-2007149130", this, "Show output", "Hide output");'>Show output</a>

<a href="#Output-2007149130" onClick="toggleAllBoxes();">Show all outputs</a>
<div class='log' id="Output-2007149130">
printData testcase execution started<br/>
</div>
</td>
<td></td>
<td>0</td>
<td>testpackage.DataSupply@65987993</td></tr>
<tr>
<td title='testpackage.DataSupply.printData()'><b>printData</b><br>Test class: testpackage.DataSupply<br>Parameters: sneha@gmail.com, sneha@123<br/>
<a href="#Output-31366484" onClick='toggleBox("Output-31366484", this, "Show output", "Hide output");'>Show output</a>

<a href="#Output-31366484" onClick="toggleAllBoxes();">Show all outputs</a>
<div class='log' id="Output-31366484">
printData testcase execution started<br/>
</div>
</td>
<td></td>
<td>0</td>
<td>testpackage.DataSupply@65987993</td></tr>
<tr>
<td title='testpackage.ContactTest.createContact()'><b>createContact</b><br>Test class: testpackage.ContactTest<br>Parameters: Ms., Mayooka, SR, Employee, Software Engineer, IT, Mayooka@gmail.com, 9704554670<br/>
<a href="#Output-1090424789" onClick='toggleBox("Output-1090424789", this, "Show output", "Hide output");'>Show output</a>

<a href="#Output-1090424789" onClick="toggleAllBoxes();">Show all outputs</a>
<div class='log' id="Output-1090424789">
createContact testcase execution started<br/>
</div>
</td>
<td></td>
<td>13</td>
<td>testpackage.ContactTest@6f53b8a</td></tr>
<tr>
<td title='testpackage.ScenarioTest2.TestCase4()'><b>TestCase4</b><br>Test class: testpackage.ScenarioTest2<br/>
<a href="#Output-1465691120" onClick='toggleBox("Output-1465691120", this, "Show output", "Hide output");'>Show output</a>

<a href="#Output-1465691120" onClick="toggleAllBoxes();">Show all outputs</a>
<div class='log' id="Output-1465691120">
TestCase4 testcase execution started<br/>
</div>
</td>
<td></td>
<td>0</td>
<td>testpackage.ScenarioTest2@4d1bf319</td></tr>
<tr>
<td title='testpackage.AtrributeTest.moveToLeadsPage()'><b>moveToLeadsPage</b><br>Test class: testpackage.AtrributeTest<br/>
<a href="#Output-190702991" onClick='toggleBox("Output-190702991", this, "Show output", "Hide output");'>Show output</a>

<a href="#Output-190702991" onClick="toggleAllBoxes();">Show all outputs</a>
<div class='log' id="Output-190702991">
moveToLeadsPage testcase execution started<br/>
</div>
</td>
<td></td>
<td>9</td>
<td>testpackage.AtrributeTest@6b695b06</td></tr>
<tr>
<td title='testpackage.LeadTest.createlead()'><b>createlead</b><br>Test class: testpackage.LeadTest<br/>
<a href="#Output-1047000562" onClick='toggleBox("Output-1047000562", this, "Show output", "Hide output");'>Show output</a>

<a href="#Output-1047000562" onClick="toggleAllBoxes();">Show all outputs</a>
<div class='log' id="Output-1047000562">
createlead testcase execution started<br/>
</div>
</td>
<td></td>
<td>21</td>
<td>testpackage.LeadTest@4f32a3ad</td></tr>
<tr>
<td title='testpackage.AtrributeTest.moveToOrganization()'><b>moveToOrganization</b><br>Test class: testpackage.AtrributeTest<br/>
<a href="#Output-1613092752" onClick='toggleBox("Output-1613092752", this, "Show output", "Hide output");'>Show output</a>

<a href="#Output-1613092752" onClick="toggleAllBoxes();">Show all outputs</a>
<div class='log' id="Output-1613092752">
moveToOrganization testcase execution started<br/>
</div>
</td>
<td></td>
<td>6</td>
<td>testpackage.AtrributeTest@6b695b06</td></tr>
<tr>
<td title='testpackage.AtrributeTest.moveToCalenderPage()'><b>moveToCalenderPage</b><br>Test class: testpackage.AtrributeTest<br/>
<a href="#Output-474210166" onClick='toggleBox("Output-474210166", this, "Show output", "Hide output");'>Show output</a>

<a href="#Output-474210166" onClick="toggleAllBoxes();">Show all outputs</a>
<div class='log' id="Output-474210166">
moveToCalenderPage testcase execution started<br/>
</div>
</td>
<td></td>
<td>9</td>
<td>testpackage.AtrributeTest@6b695b06</td></tr>
<tr>
<td title='testpackage.ContactTest.createContact()'><b>createContact</b><br>Test class: testpackage.ContactTest<br>Parameters: Mr., akshay, T C, Self Generated, Pharmacisit, Health, akshay@gmail.com, 9704884670<br/>
<a href="#Output-592655690" onClick='toggleBox("Output-592655690", this, "Show output", "Hide output");'>Show output</a>

<a href="#Output-592655690" onClick="toggleAllBoxes();">Show all outputs</a>
<div class='log' id="Output-592655690">
createContact testcase execution started<br/>
</div>
</td>
<td></td>
<td>13</td>
<td>testpackage.ContactTest@6f53b8a</td></tr>
<tr>
<td title='testpackage.DataSupply.printData()'><b>printData</b><br>Test class: testpackage.DataSupply<br>Parameters: helen@gmail.com, helen@123<br/>
<a href="#Output-1202547191" onClick='toggleBox("Output-1202547191", this, "Show output", "Hide output");'>Show output</a>

<a href="#Output-1202547191" onClick="toggleAllBoxes();">Show all outputs</a>
<div class='log' id="Output-1202547191">
printData testcase execution started<br/>
</div>
</td>
<td></td>
<td>0</td>
<td>testpackage.DataSupply@65987993</td></tr>
<tr>
<td title='testpackage.ScenarioTest1.printData()'><b>printData</b><br>Test class: testpackage.ScenarioTest1<br>Parameters: sneha@gmail.com, sneha@123<br/>
<a href="#Output-892611887" onClick='toggleBox("Output-892611887", this, "Show output", "Hide output");'>Show output</a>

<a href="#Output-892611887" onClick="toggleAllBoxes();">Show all outputs</a>
<div class='log' id="Output-892611887">
printData testcase execution started<br/>
</div>
</td>
<td></td>
<td>0</td>
<td>testpackage.ScenarioTest1@6c4906d3</td></tr>
<tr>
<td title='testpackage.ContactTest.createContact()'><b>createContact</b><br>Test class: testpackage.ContactTest<br>Parameters: Mr., aswin, C, Employee, Bank Manager, Bank, aswin@gmail.com, 9704334670<br/>
<a href="#Output-1236833317" onClick='toggleBox("Output-1236833317", this, "Show output", "Hide output");'>Show output</a>

<a href="#Output-1236833317" onClick="toggleAllBoxes();">Show all outputs</a>
<div class='log' id="Output-1236833317">
createContact testcase execution started<br/>
</div>
</td>
<td></td>
<td>13</td>
<td>testpackage.ContactTest@6f53b8a</td></tr>
<tr>
<td title='testpackage.ScenarioTest1.printData()'><b>printData</b><br>Test class: testpackage.ScenarioTest1<br>Parameters: helen@gmail.com, helen@123<br/>
<a href="#Output-1164344728" onClick='toggleBox("Output-1164344728", this, "Show output", "Hide output");'>Show output</a>

<a href="#Output-1164344728" onClick="toggleAllBoxes();">Show all outputs</a>
<div class='log' id="Output-1164344728">
printData testcase execution started<br/>
</div>
</td>
<td></td>
<td>0</td>
<td>testpackage.ScenarioTest1@6c4906d3</td></tr>
<tr>
<td title='testpackage.AtrributeTest.moveToContacts()'><b>moveToContacts</b><br>Test class: testpackage.AtrributeTest<br/>
<a href="#Output-1812530678" onClick='toggleBox("Output-1812530678", this, "Show output", "Hide output");'>Show output</a>

<a href="#Output-1812530678" onClick="toggleAllBoxes();">Show all outputs</a>
<div class='log' id="Output-1812530678">
moveToContacts testcase execution started<br/>
</div>
</td>
<td></td>
<td>7</td>
<td>testpackage.AtrributeTest@6b695b06</td></tr>
</table><p>
</body>
</html>