<?xml version="1.0" encoding="UTF-8"?>
<!-- Generated by org.testng.reporters.JUnitXMLReporter -->
<testsuite ignored="0" hostname="LAPTOP-1PFS2TT4" failures="0" tests="20" name="MainTest" time="182.084" errors="0" timestamp="2025-03-17T13:10:09 IST">
  <testcase classname="utilities.BaseClass" name="@AfterMethod logout" time="0.739">
    <failure type="org.openqa.selenium.NoSuchElementException" message="Unable to find element with locator By.linkText: Sign Out
For documentation on this error, please visit: https://www.selenium.dev/documentation/webdriver/troubleshooting/errors#no-such-element-exception
Build info: version: &amp;apos;4.27.0&amp;apos;, revision: &amp;apos;d6e718d134&amp;apos;
System info: os.name: &amp;apos;Windows 11&amp;apos;, os.arch: &amp;apos;amd64&amp;apos;, os.version: &amp;apos;10.0&amp;apos;, java.version: &amp;apos;21.0.4&amp;apos;
Driver info: driver.version: RemoteWebDriver">
      <![CDATA[org.openqa.selenium.NoSuchElementException: Unable to find element with locator By.linkText: Sign Out
For documentation on this error, please visit: https://www.selenium.dev/documentation/webdriver/troubleshooting/errors#no-such-element-exception
Build info: version: '4.27.0', revision: 'd6e718d134'
System info: os.name: 'Windows 11', os.arch: 'amd64', os.version: '10.0', java.version: '21.0.4'
Driver info: driver.version: RemoteWebDriver
at org.openqa.selenium.remote.ElementLocation$ElementFinder$2.findElement(ElementLocation.java:168)
at org.openqa.selenium.remote.ElementLocation.findElement(ElementLocation.java:59)
at org.openqa.selenium.remote.RemoteWebDriver.findElement(RemoteWebDriver.java:368)
at org.openqa.selenium.remote.RemoteWebDriver.findElement(RemoteWebDriver.java:362)
at org.openqa.selenium.support.pagefactory.DefaultElementLocator.findElement(DefaultElementLocator.java:68)
at org.openqa.selenium.support.pagefactory.internal.LocatingElementHandler.invoke(LocatingElementHandler.java:38)
at jdk.proxy2/jdk.proxy2.$Proxy12.click(Unknown Source)
at objectRepository.HomePage.SignOut(HomePage.java:58)
at utilities.BaseClass.logout(BaseClass.java:68)
at java.base/java.util.ArrayList.forEach(ArrayList.java:1596)
... Removed 34 stack frames]]>
    </failure>
  </testcase> <!-- @AfterMethod logout -->
  <testcase classname="testpackage.VerificationClass" name="verify" time="0.022"/>
  <testcase classname="testpackage.ScenarioTest1" name="printData" time="0.002"/>
  <testcase classname="testpackage.ScenarioTest1" name="printData" time="0.0"/>
  <testcase classname="testpackage.ScenarioTest1" name="printData" time="0.002"/>
  <testcase classname="testpackage.ScenarioTest1" name="printData" time="0.0"/>
  <testcase classname="testpackage.DataSupply" name="printData" time="0.001"/>
  <testcase classname="testpackage.DataSupply" name="printData" time="0.0"/>
  <testcase classname="testpackage.DataSupply" name="printData" time="0.001"/>
  <testcase classname="testpackage.DataSupply" name="printData" time="0.0"/>
  <testcase classname="testpackage.OrganizationTest" name="createOrganization" time="8.579"/>
  <testcase classname="testpackage.LeadTest" name="createlead" time="12.122"/>
  <testcase classname="testpackage.AtrributeTest" name="moveToContacts" time="7.221"/>
  <testcase classname="testpackage.AtrributeTest" name="moveToLeadsPage" time="9.409"/>
  <testcase classname="testpackage.AtrributeTest" name="moveToOrganization" time="6.061"/>
  <testcase classname="testpackage.ScenarioTest2" name="TestCase3" time="0.001"/>
  <testcase classname="testpackage.ScenarioTest2" name="TestCase4" time="0.001"/>
  <testcase classname="testpackage.ContactTest" name="createContact" time="13.187"/>
  <testcase classname="testpackage.ContactTest" name="createContact" time="13.115"/>
  <testcase classname="testpackage.ContactTest" name="createContact" time="12.877"/>
  <testcase classname="testpackage.AtrributeTest" name="moveToCalenderPage" time="7.366"/>
</testsuite> <!-- MainTest -->
