<?xml version="1.0" encoding="UTF-8"?>
<!-- Generated by org.testng.reporters.JUnitXMLReporter -->
<testsuite ignored="7" hostname="LAPTOP-1PFS2TT4" failures="0" tests="4" name="GroupTest" time="0.163" errors="0" timestamp="2025-03-14T10:20:16 IST">
  <testcase classname="utilities.BaseClass" name="@BeforeMethod login" time="-1.741927816055E9">
    <failure type="org.testng.TestNGException" message="
Parameter &amp;apos;browser&amp;apos; is required by BeforeMethod on method login but has not been marked @Optional or defined
in C:\Users\ASUS\eclipse-workspace\Testing\Vtiger\Grouptestng.xml">
      <![CDATA[org.testng.TestNGException: 
Parameter 'browser' is required by BeforeMethod on method login but has not been marked @Optional or defined
in C:\Users\ASUS\eclipse-workspace\Testing\Vtiger\Grouptestng.xml
at java.base/java.util.ArrayList.forEach(ArrayList.java:1596)
... Removed 28 stack frames]]>
    </failure>
  </testcase> <!-- @BeforeMethod login -->
  <testcase classname="utilities.BaseClass" name="@AfterMethod logout" time="0.008">
    <failure type="java.lang.NullPointerException" message="Cannot invoke &amp;quot;objectRepository.HomePage.SignOut(org.openqa.selenium.WebDriver)&amp;quot; because &amp;quot;this.hp&amp;quot; is null">
      <![CDATA[java.lang.NullPointerException: Cannot invoke "objectRepository.HomePage.SignOut(org.openqa.selenium.WebDriver)" because "this.hp" is null
at utilities.BaseClass.logout(BaseClass.java:59)
at java.base/java.util.ArrayList.forEach(ArrayList.java:1596)
... Removed 30 stack frames]]>
    </failure>
  </testcase> <!-- @AfterMethod logout -->
  <testcase classname="utilities.BaseClass" name="@BeforeMethod login" time="-1.741927816106E9">
    <failure type="org.testng.TestNGException" message="
Parameter &amp;apos;browser&amp;apos; is required by BeforeMethod on method login but has not been marked @Optional or defined
in C:\Users\ASUS\eclipse-workspace\Testing\Vtiger\Grouptestng.xml">
      <![CDATA[org.testng.TestNGException: 
Parameter 'browser' is required by BeforeMethod on method login but has not been marked @Optional or defined
in C:\Users\ASUS\eclipse-workspace\Testing\Vtiger\Grouptestng.xml
at java.base/java.util.ArrayList.forEach(ArrayList.java:1596)
... Removed 28 stack frames]]>
    </failure>
  </testcase> <!-- @BeforeMethod login -->
  <testcase classname="utilities.BaseClass" name="@AfterMethod logout" time="0.001">
    <failure type="java.lang.NullPointerException" message="Cannot invoke &amp;quot;objectRepository.HomePage.SignOut(org.openqa.selenium.WebDriver)&amp;quot; because &amp;quot;this.hp&amp;quot; is null">
      <![CDATA[java.lang.NullPointerException: Cannot invoke "objectRepository.HomePage.SignOut(org.openqa.selenium.WebDriver)" because "this.hp" is null
at utilities.BaseClass.logout(BaseClass.java:59)
at java.base/java.util.ArrayList.forEach(ArrayList.java:1596)
... Removed 30 stack frames]]>
    </failure>
  </testcase> <!-- @AfterMethod logout -->
  <testcase classname="utilities.BaseClass" name="@BeforeMethod login" time="-1.741927816125E9">
    <failure type="org.testng.TestNGException" message="
Parameter &amp;apos;browser&amp;apos; is required by BeforeMethod on method login but has not been marked @Optional or defined
in C:\Users\ASUS\eclipse-workspace\Testing\Vtiger\Grouptestng.xml">
      <![CDATA[org.testng.TestNGException: 
Parameter 'browser' is required by BeforeMethod on method login but has not been marked @Optional or defined
in C:\Users\ASUS\eclipse-workspace\Testing\Vtiger\Grouptestng.xml
at java.base/java.util.ArrayList.forEach(ArrayList.java:1596)
... Removed 28 stack frames]]>
    </failure>
  </testcase> <!-- @BeforeMethod login -->
  <testcase classname="utilities.BaseClass" name="@AfterMethod logout" time="0.0">
    <failure type="java.lang.NullPointerException" message="Cannot invoke &amp;quot;objectRepository.HomePage.SignOut(org.openqa.selenium.WebDriver)&amp;quot; because &amp;quot;this.hp&amp;quot; is null">
      <![CDATA[java.lang.NullPointerException: Cannot invoke "objectRepository.HomePage.SignOut(org.openqa.selenium.WebDriver)" because "this.hp" is null
at utilities.BaseClass.logout(BaseClass.java:59)
at java.base/java.util.ArrayList.forEach(ArrayList.java:1596)
... Removed 30 stack frames]]>
    </failure>
  </testcase> <!-- @AfterMethod logout -->
  <testcase classname="testpackage.AtrributeTest" name="moveToContacts" time="0.0">
    <skipped/>
  </testcase> <!-- moveToContacts -->
  <testcase classname="testpackage.ScenarioTest2" name="TestCase3" time="0.0">
    <skipped/>
  </testcase> <!-- TestCase3 -->
  <testcase classname="testpackage.ScenarioTest2" name="TestCase4" time="0.001">
    <skipped/>
  </testcase> <!-- TestCase4 -->
  <testcase classname="testpackage.AtrributeTest" name="moveToCalenderPage" time="0.001">
    <skipped/>
  </testcase> <!-- moveToCalenderPage -->
  <testcase classname="testpackage.ContactTest" name="createContact" time="0.0">
    <ignored/>
  </testcase> <!-- createContact -->
  <testcase classname="testpackage.AtrributeTest" name="moveToLeadsPage" time="0.0">
    <ignored/>
  </testcase> <!-- moveToLeadsPage -->
  <testcase classname="testpackage.OrganizationTest" name="createOrganization" time="0.0">
    <ignored/>
  </testcase> <!-- createOrganization -->
  <testcase classname="testpackage.AtrributeTest" name="moveToOrganization" time="0.0">
    <ignored/>
  </testcase> <!-- moveToOrganization -->
  <testcase classname="testpackage.CalendarTest" name="createCalender" time="0.0">
    <ignored/>
  </testcase> <!-- createCalender -->
  <testcase classname="testpackage.LeadTest" name="createlead" time="0.0">
    <ignored/>
  </testcase> <!-- createlead -->
  <testcase classname="testpackage.VerificationClass" name="verify" time="0.0">
    <ignored/>
  </testcase> <!-- verify -->
</testsuite> <!-- GroupTest -->
